~` The Untold Odyssey `~
	Dumped OpenGL data.
:: Loaded OpenGL extensions ::
0 >> GL_ARB_ES3_2_compatibility
1 >> GL_ARB_gl_spirv
2 >> GL_ARB_texture_compression_bptc
3 >> GL_ARB_shader_atomic_counter_ops
4 >> GL_ARB_provoking_vertex
5 >> GL_ARB_shader_clock
6 >> GL_ARB_texture_compression_rgtc
7 >> GL_EXT_draw_buffers2
8 >> GL_KHR_blend_equation_advanced
9 >> GL_ARB_depth_clamp
10 >> GL_ARB_clear_buffer_object
0 >> GL_ARB_ES3_2_compatibility
1 >> GL_ARB_gl_spirv
2 >> GL_ARB_texture_compression_bptc
3 >> GL_ARB_shader_atomic_counter_ops
4 >> GL_ARB_provoking_vertex
5 >> GL_ARB_shader_clock
6 >> GL_ARB_texture_compression_rgtc
7 >> GL_EXT_draw_buffers2
8 >> GL_KHR_blend_equation_advanced
9 >> GL_ARB_depth_clamp
10 >> GL_ARB_clear_buffer_object
11 >> GL_ARB_texture_view
12 >> GL_AMD_vertex_shader_layer
13 >> GL_ARB_internalformat_query
14 >> GL_NV_packed_depth_stencil
15 >> GL_ARB_clip_control
16 >> GL_ARB_sampler_objects
17 >> GL_EXT_polygon_offset_clamp
18 >> GL_ARB_shader_texture_image_samples
19 >> GL_NVX_gpu_memory_info
20 >> GL_AMD_vertex_shader_viewport_index
21 >> GL_ARB_shading_language_include
22 >> GL_EXT_texture_array
23 >> GL_ARB_map_buffer_alignment
24 >> GL_ARB_shader_storage_buffer_object
25 >> GL_EXT_depth_bounds_test
26 >> GL_ARB_vertex_type_2_10_10_10_rev
27 >> GL_EXT_vertex_array_bgra
28 >> GL_EXT_framebuffer_multisample_blit_scaled
29 >> GL_KHR_context_flush_control
30 >> GL_ARB_transform_feedback3
31 >> GL_ARB_shader_subroutine
32 >> GL_ARB_tessellation_shader
33 >> GL_ARB_copy_image
34 >> GL_ARB_uniform_buffer_object
35 >> GL_ARB_texture_query_lod
36 >> GL_ARB_shader_objects
37 >> GL_EXT_debug_label
38 >> GL_EXT_texture_shadow_lod
39 >> GL_ARB_multi_draw_indirect
40 >> GL_ARB_gpu_shader5
41 >> GL_ARB_half_float_vertex
42 >> GL_EXT_abgr
43 >> GL_EXT_texture_compression_dxt1
44 >> GL_ARB_conditional_render_inverted
45 >> GL_ARB_shading_language_packing
46 >> GL_ARB_texture_barrier
47 >> GL_ATI_texture_float
48 >> GL_EXT_framebuffer_sRGB
49 >> GL_AMD_query_buffer_object
50 >> GL_ARB_spirv_extensions
51 >> GL_ATI_meminfo
52 >> GL_EXT_texture_compression_rgtc
53 >> GL_ARB_ES3_1_compatibility
54 >> GL_AMD_draw_buffers_blend
55 >> GL_ARB_clear_texture
56 >> GL_ARB_texture_buffer_object
57 >> GL_EXT_packed_depth_stencil
58 >> GL_NV_compute_shader_derivatives
59 >> GL_EXT_vertex_attrib_64bit
60 >> GL_KHR_texture_compression_astc_ldr
61 >> GL_ARB_stencil_texturing
62 >> GL_EXT_pixel_buffer_object
63 >> GL_ARB_shader_bit_encoding
64 >> GL_ARB_query_buffer_object
65 >> GL_MESA_shader_integer_functions
66 >> GL_AMD_pinned_memory
67 >> GL_ARB_polygon_offset_clamp
68 >> GL_ARB_point_sprite
69 >> GL_ARB_shader_image_load_store
70 >> GL_S3_s3tc
71 >> GL_ARB_color_buffer_float
72 >> GL_NV_conditional_render
73 >> GL_ARB_texture_stencil8
74 >> GL_ARB_vertex_attrib_64bit
75 >> GL_ARB_debug_output
76 >> GL_ANGLE_texture_compression_dxt3
77 >> GL_MESA_texture_signed_rgba
78 >> GL_NV_vdpau_interop
79 >> GL_ARB_occlusion_query2
80 >> GL_EXT_semaphore_fd
81 >> GL_ARB_texture_multisample
82 >> GL_AMD_shader_stencil_export
83 >> GL_ARB_compute_variable_group_size
84 >> GL_AMD_shader_trinary_minmax
85 >> GL_KHR_robustness
86 >> GL_EXT_texture_snorm
87 >> GL_ARB_get_program_binary
88 >> GL_ARB_timer_query
89 >> GL_ARB_pipeline_statistics_query
90 >> GL_EXT_framebuffer_multisample
91 >> GL_ARB_transform_feedback_overflow_query
92 >> GL_EXT_timer_query
93 >> GL_ARB_seamless_cube_map
94 >> GL_ARB_enhanced_layouts
95 >> GL_EXT_memory_object_fd
96 >> GL_ARB_vertex_buffer_object
97 >> GL_ARB_direct_state_access
98 >> GL_ARB_vertex_attrib_binding
99 >> GL_EXT_transform_feedback
100 >> GL_ARB_conservative_depth
101 >> GL_EXT_demote_to_helper_invocation
102 >> GL_EXT_provoking_vertex
103 >> GL_ARB_texture_query_levels
104 >> GL_AMD_texture_texture4
105 >> GL_EXT_texture_sRGB
106 >> GL_ARB_cull_distance
107 >> GL_ARB_blend_func_extended
108 >> GL_ARB_shader_atomic_counters
109 >> GL_ARB_instanced_arrays
110 >> GL_EXT_texture_swizzle
111 >> GL_ARB_program_interface_query
112 >> GL_ARB_ES2_compatibility
113 >> GL_ANGLE_texture_compression_dxt5
114 >> GL_ARB_sync
115 >> GL_ARB_framebuffer_sRGB
116 >> GL_EXT_texture_filter_anisotropic
117 >> GL_EXT_draw_instanced
118 >> GL_EXT_blend_equation_separate
119 >> GL_EXT_texture_sRGB_decode
120 >> GL_ARB_internalformat_query2
121 >> GL_ARB_texture_non_power_of_two
122 >> GL_KHR_parallel_shader_compile
123 >> GL_ARB_get_texture_sub_image
124 >> GL_ARB_texture_filter_anisotropic
125 >> GL_ARB_texture_mirror_clamp_to_edge
126 >> GL_AMD_multi_draw_indirect
127 >> GL_AMD_performance_monitor
128 >> GL_ARB_texture_buffer_range
129 >> GL_AMD_depth_clamp_separate
130 >> GL_ARB_shader_texture_lod
131 >> GL_ATI_blend_equation_separate
132 >> GL_ARB_half_float_pixel
133 >> GL_ARB_separate_shader_objects
134 >> GL_ARB_transform_feedback2
135 >> GL_KHR_robust_buffer_access_behavior
136 >> GL_AMD_framebuffer_multisample_advanced
137 >> GL_ARB_texture_storage
138 >> GL_ARB_compute_shader
139 >> GL_EXT_framebuffer_object
140 >> GL_ARB_compressed_texture_pixel_storage
141 >> GL_ARB_arrays_of_arrays
142 >> GL_ARB_gpu_shader_int64
143 >> GL_ARB_texture_storage_multisample
144 >> GL_ARB_multi_bind
145 >> GL_EXT_memory_object
146 >> GL_OES_EGL_image
147 >> GL_EXT_framebuffer_blit
148 >> GL_ARB_explicit_uniform_location
149 >> GL_ARB_framebuffer_object
150 >> GL_ARB_vertex_type_10f_11f_11f_rev
151 >> GL_NV_copy_image
152 >> GL_ARB_vertex_array_object
153 >> GL_EXT_shader_integer_mix
154 >> GL_ARB_pixel_buffer_object
155 >> GL_ARB_gpu_shader_fp64
156 >> GL_NV_depth_clamp
157 >> GL_EXT_shader_image_load_formatted
158 >> GL_ARB_framebuffer_no_attachments
159 >> GL_ARB_depth_buffer_float
160 >> GL_ARB_transform_feedback_instanced
161 >> GL_ARB_robust_buffer_access_behavior
162 >> GL_NV_alpha_to_coverage_dither_control
163 >> GL_ARB_copy_buffer
164 >> GL_ARB_robustness
165 >> GL_ARB_parallel_shader_compile
166 >> GL_ARB_texture_buffer_object_rgb32
167 >> GL_EXT_shader_image_load_store
168 >> GL_ARB_texture_rg
169 >> GL_KHR_no_error
170 >> GL_MESA_framebuffer_flip_y
171 >> GL_ARB_shader_image_size
172 >> GL_ARB_seamless_cubemap_per_texture
173 >> GL_EXT_texture_shared_exponent
174 >> GL_ARB_sample_shading
175 >> GL_EXT_window_rectangles
176 >> GL_ARB_shader_group_vote
177 >> GL_ARB_texture_rgb10_a2ui
178 >> GL_IBM_multimode_draw_arrays
179 >> GL_ATI_texture_mirror_once
180 >> GL_ARB_texture_swizzle
181 >> GL_MESA_pack_invert
182 >> GL_ARB_texture_float
183 >> GL_EXT_texture_mirror_clamp
184 >> GL_ARB_draw_buffers
185 >> GL_ARB_map_buffer_range
186 >> GL_KHR_texture_compression_astc_sliced_3d
187 >> GL_ARB_base_instance
188 >> GL_EXT_EGL_sync
189 >> GL_ARB_fragment_coord_conventions
190 >> GL_ARB_shader_stencil_export
191 >> GL_EXT_packed_float
192 >> GL_EXT_texture_sRGB_R8
193 >> GL_ARB_vertex_shader
194 >> GL_ARB_fragment_layer_viewport
195 >> GL_ARB_texture_gather
196 >> GL_NV_texture_barrier
197 >> GL_ARB_shader_viewport_layer_array
198 >> GL_EXT_EGL_image_storage
199 >> GL_AMD_conservative_depth
200 >> GL_INTEL_blackhole_render
201 >> GL_NV_shader_atomic_int64
202 >> GL_ARB_explicit_attrib_location
203 >> GL_ARB_draw_indirect
204 >> GL_ARB_viewport_array
205 >> GL_ARB_shader_precision
206 >> GL_EXT_texture_compression_s3tc
207 >> GL_AMD_gpu_shader_int64
208 >> GL_ARB_texture_cube_map_array
209 >> GL_ARB_draw_instanced
210 >> GL_ARB_shading_language_420pack
211 >> GL_ARB_texture_rectangle
212 >> GL_EXT_semaphore
213 >> GL_EXT_shader_samples_identical
214 >> GL_ARB_buffer_storage
215 >> GL_ARB_vertex_array_bgra
216 >> GL_ARB_draw_buffers_blend
217 >> GL_ARB_invalidate_subdata
218 >> GL_ARB_draw_elements_base_vertex
219 >> GL_AMD_seamless_cubemap_per_texture
220 >> GL_ARB_ES3_compatibility
221 >> GL_EXT_texture_integer
222 >> GL_ARB_fragment_shader
223 >> GL_KHR_debug
224 >> GL_ARB_bindless_texture
225 >> GL_ARB_shader_ballot
226 >> GL_ARB_derivative_control
